2024-04-19 01:19:36,602 - WARNING - The chromedriver version (123.0.6312.122) detected in PATH at /usr/local/bin/chromedriver might not be compatible with the detected chrome version (124.0.6367.62); currently, chromedriver 124.0.6367.60 is recommended for chrome 124.*, so it is advised to delete the driver in PATH and retry
2024-04-19 01:19:37,360 - INFO - Initialization completed successfully.
2024-04-19 01:19:38,441 - INFO - Search phrase 'surf' entered successfully.
2024-04-19 01:19:38,508 - INFO - Topic checkbox 'Sports' selected.
2024-04-19 01:19:38,766 - INFO - Type checkbox 'Video' selected.
2024-04-19 01:19:38,766 - INFO - News topic and type selected successfully.
2024-04-19 01:19:38,798 - INFO - Option 'Newest' selected in the sort by dropdown.
2024-04-19 01:19:38,798 - INFO - Search setup completed successfully.
2024-04-19 01:19:52,822 - ERROR - Error in extract_news_data: Message: no such element: Unable to locate element: {"method":"css selector","selector":".promo-title"}
  (Session info: chrome=124.0.6367.62); For documentation on this error, please visit: https://www.selenium.dev/documentation/webdriver/troubleshooting/errors#no-such-element-exception
Stacktrace:
0   chromedriver                        0x000000010321c4a4 chromedriver + 4326564
1   chromedriver                        0x000000010321496c chromedriver + 4295020
2   chromedriver                        0x0000000102e40088 chromedriver + 278664
3   chromedriver                        0x0000000102e82a80 chromedriver + 551552
4   chromedriver                        0x0000000102e78dd0 chromedriver + 511440
5   chromedriver                        0x0000000102ebb4f8 chromedriver + 783608
6   chromedriver                        0x0000000102e774e4 chromedriver + 505060
7   chromedriver                        0x0000000102e77f5c chromedriver + 507740
8   chromedriver                        0x00000001031dfa40 chromedriver + 4078144
9   chromedriver                        0x00000001031e47f8 chromedriver + 4098040
10  chromedriver                        0x00000001031c65e4 chromedriver + 3974628
11  chromedriver                        0x00000001031e5110 chromedriver + 4100368
12  chromedriver                        0x00000001031b7bd4 chromedriver + 3914708
13  chromedriver                        0x0000000103205718 chromedriver + 4232984
14  chromedriver                        0x0000000103205894 chromedriver + 4233364
15  chromedriver                        0x00000001032145e0 chromedriver + 4294112
16  libsystem_pthread.dylib             0x0000000198b42f94 _pthread_start + 136
17  libsystem_pthread.dylib             0x0000000198b3dd34 thread_start + 8

