2024-04-19 01:15:00,422 - WARNING - The chromedriver version (123.0.6312.122) detected in PATH at /usr/local/bin/chromedriver might not be compatible with the detected chrome version (124.0.6367.62); currently, chromedriver 124.0.6367.60 is recommended for chrome 124.*, so it is advised to delete the driver in PATH and retry
2024-04-19 01:15:00,892 - INFO - Initialization completed successfully.
2024-04-19 01:15:01,989 - INFO - Search phrase 'surf' entered successfully.
2024-04-19 01:15:02,048 - INFO - Topic checkbox 'Sports' selected.
2024-04-19 01:15:02,049 - ERROR - Error in select_topic_type: 'tuple' object has no attribute 'is_displayed'
2024-04-19 01:15:02,080 - ERROR - Error in sort_by: Message: stale element reference: stale element not found in the current frame
  (Session info: chrome=124.0.6367.62); For documentation on this error, please visit: https://www.selenium.dev/documentation/webdriver/troubleshooting/errors#stale-element-reference-exception
Stacktrace:
0   chromedriver                        0x0000000102fb44a4 chromedriver + 4326564
1   chromedriver                        0x0000000102fac96c chromedriver + 4295020
2   chromedriver                        0x0000000102bd8088 chromedriver + 278664
3   chromedriver                        0x0000000102bdcabc chromedriver + 297660
4   chromedriver                        0x0000000102bde428 chromedriver + 304168
5   chromedriver                        0x0000000102bde4a0 chromedriver + 304288
6   chromedriver                        0x0000000102c15f9c chromedriver + 532380
7   chromedriver                        0x0000000102c10dd0 chromedriver + 511440
8   chromedriver                        0x0000000102c534f8 chromedriver + 783608
9   chromedriver                        0x0000000102c0f4e4 chromedriver + 505060
10  chromedriver                        0x0000000102c0ff5c chromedriver + 507740
11  chromedriver                        0x0000000102f77a40 chromedriver + 4078144
12  chromedriver                        0x0000000102f7c7f8 chromedriver + 4098040
13  chromedriver                        0x0000000102f5e5e4 chromedriver + 3974628
14  chromedriver                        0x0000000102f7d110 chromedriver + 4100368
15  chromedriver                        0x0000000102f4fbd4 chromedriver + 3914708
16  chromedriver                        0x0000000102f9d718 chromedriver + 4232984
17  chromedriver                        0x0000000102f9d894 chromedriver + 4233364
18  chromedriver                        0x0000000102fac5e0 chromedriver + 4294112
19  libsystem_pthread.dylib             0x0000000198b42f94 _pthread_start + 136
20  libsystem_pthread.dylib             0x0000000198b3dd34 thread_start + 8

2024-04-19 01:15:02,081 - WARNING - Element not interactable. Retrying...
2024-04-19 01:15:02,244 - INFO - Search phrase 'surf' entered successfully.
2024-04-19 01:15:02,287 - INFO - Topic checkbox 'Sports' selected.
2024-04-19 01:15:02,288 - ERROR - Error in select_topic_type: 'tuple' object has no attribute 'is_displayed'
2024-04-19 01:15:02,306 - ERROR - Error in sort_by: Message: stale element reference: stale element not found in the current frame
  (Session info: chrome=124.0.6367.62); For documentation on this error, please visit: https://www.selenium.dev/documentation/webdriver/troubleshooting/errors#stale-element-reference-exception
Stacktrace:
0   chromedriver                        0x0000000102fb44a4 chromedriver + 4326564
1   chromedriver                        0x0000000102fac96c chromedriver + 4295020
2   chromedriver                        0x0000000102bd8088 chromedriver + 278664
3   chromedriver                        0x0000000102bdcabc chromedriver + 297660
4   chromedriver                        0x0000000102bde428 chromedriver + 304168
5   chromedriver                        0x0000000102bde4a0 chromedriver + 304288
6   chromedriver                        0x0000000102c15c74 chromedriver + 531572
7   chromedriver                        0x0000000102c10dd0 chromedriver + 511440
8   chromedriver                        0x0000000102c534f8 chromedriver + 783608
9   chromedriver                        0x0000000102c0f4e4 chromedriver + 505060
10  chromedriver                        0x0000000102c0ff5c chromedriver + 507740
11  chromedriver                        0x0000000102f77a40 chromedriver + 4078144
12  chromedriver                        0x0000000102f7c7f8 chromedriver + 4098040
13  chromedriver                        0x0000000102f5e5e4 chromedriver + 3974628
14  chromedriver                        0x0000000102f7d110 chromedriver + 4100368
15  chromedriver                        0x0000000102f4fbd4 chromedriver + 3914708
16  chromedriver                        0x0000000102f9d718 chromedriver + 4232984
17  chromedriver                        0x0000000102f9d894 chromedriver + 4233364
18  chromedriver                        0x0000000102fac5e0 chromedriver + 4294112
19  libsystem_pthread.dylib             0x0000000198b42f94 _pthread_start + 136
20  libsystem_pthread.dylib             0x0000000198b3dd34 thread_start + 8

2024-04-19 01:15:02,306 - WARNING - Element not interactable. Retrying...
2024-04-19 01:15:02,697 - INFO - Search phrase 'surf' entered successfully.
2024-04-19 01:15:02,752 - INFO - Topic checkbox 'Sports' selected.
2024-04-19 01:15:02,752 - ERROR - Error in select_topic_type: 'tuple' object has no attribute 'is_displayed'
2024-04-19 01:15:02,771 - ERROR - Error in sort_by: Message: stale element reference: stale element not found in the current frame
  (Session info: chrome=124.0.6367.62); For documentation on this error, please visit: https://www.selenium.dev/documentation/webdriver/troubleshooting/errors#stale-element-reference-exception
Stacktrace:
0   chromedriver                        0x0000000102fb44a4 chromedriver + 4326564
1   chromedriver                        0x0000000102fac96c chromedriver + 4295020
2   chromedriver                        0x0000000102bd8088 chromedriver + 278664
3   chromedriver                        0x0000000102bdcabc chromedriver + 297660
4   chromedriver                        0x0000000102bde428 chromedriver + 304168
5   chromedriver                        0x0000000102bde4a0 chromedriver + 304288
6   chromedriver                        0x0000000102c17134 chromedriver + 536884
7   chromedriver                        0x0000000102c10dd0 chromedriver + 511440
8   chromedriver                        0x0000000102c534f8 chromedriver + 783608
9   chromedriver                        0x0000000102c0f4e4 chromedriver + 505060
10  chromedriver                        0x0000000102c0ff5c chromedriver + 507740
11  chromedriver                        0x0000000102f77a40 chromedriver + 4078144
12  chromedriver                        0x0000000102f7c7f8 chromedriver + 4098040
13  chromedriver                        0x0000000102f5e5e4 chromedriver + 3974628
14  chromedriver                        0x0000000102f7d110 chromedriver + 4100368
15  chromedriver                        0x0000000102f4fbd4 chromedriver + 3914708
16  chromedriver                        0x0000000102f9d718 chromedriver + 4232984
17  chromedriver                        0x0000000102f9d894 chromedriver + 4233364
18  chromedriver                        0x0000000102fac5e0 chromedriver + 4294112
19  libsystem_pthread.dylib             0x0000000198b42f94 _pthread_start + 136
20  libsystem_pthread.dylib             0x0000000198b3dd34 thread_start + 8

2024-04-19 01:15:02,771 - WARNING - Element not interactable. Retrying...
2024-04-19 01:15:02,924 - INFO - Search phrase 'surf' entered successfully.
2024-04-19 01:15:02,964 - INFO - Topic checkbox 'Sports' selected.
2024-04-19 01:15:02,964 - ERROR - Error in select_topic_type: 'tuple' object has no attribute 'is_displayed'
2024-04-19 01:15:02,987 - ERROR - Error in sort_by: Message: stale element reference: stale element not found in the current frame
  (Session info: chrome=124.0.6367.62); For documentation on this error, please visit: https://www.selenium.dev/documentation/webdriver/troubleshooting/errors#stale-element-reference-exception
Stacktrace:
0   chromedriver                        0x0000000102fb44a4 chromedriver + 4326564
1   chromedriver                        0x0000000102fac96c chromedriver + 4295020
2   chromedriver                        0x0000000102bd8088 chromedriver + 278664
3   chromedriver                        0x0000000102bdcabc chromedriver + 297660
4   chromedriver                        0x0000000102bde428 chromedriver + 304168
5   chromedriver                        0x0000000102bde4a0 chromedriver + 304288
6   chromedriver                        0x0000000102c15f9c chromedriver + 532380
7   chromedriver                        0x0000000102c10dd0 chromedriver + 511440
8   chromedriver                        0x0000000102c534f8 chromedriver + 783608
9   chromedriver                        0x0000000102c0f4e4 chromedriver + 505060
10  chromedriver                        0x0000000102c0ff5c chromedriver + 507740
11  chromedriver                        0x0000000102f77a40 chromedriver + 4078144
12  chromedriver                        0x0000000102f7c7f8 chromedriver + 4098040
13  chromedriver                        0x0000000102f5e5e4 chromedriver + 3974628
14  chromedriver                        0x0000000102f7d110 chromedriver + 4100368
15  chromedriver                        0x0000000102f4fbd4 chromedriver + 3914708
16  chromedriver                        0x0000000102f9d718 chromedriver + 4232984
17  chromedriver                        0x0000000102f9d894 chromedriver + 4233364
18  chromedriver                        0x0000000102fac5e0 chromedriver + 4294112
19  libsystem_pthread.dylib             0x0000000198b42f94 _pthread_start + 136
20  libsystem_pthread.dylib             0x0000000198b3dd34 thread_start + 8

2024-04-19 01:15:02,987 - WARNING - Element not interactable. Retrying...
2024-04-19 01:15:03,148 - INFO - Search phrase 'surf' entered successfully.
2024-04-19 01:15:03,190 - INFO - Topic checkbox 'Sports' selected.
2024-04-19 01:15:03,190 - ERROR - Error in select_topic_type: 'tuple' object has no attribute 'is_displayed'
2024-04-19 01:15:03,202 - ERROR - Error in sort_by: Message: stale element reference: stale element not found in the current frame
  (Session info: chrome=124.0.6367.62); For documentation on this error, please visit: https://www.selenium.dev/documentation/webdriver/troubleshooting/errors#stale-element-reference-exception
Stacktrace:
0   chromedriver                        0x0000000102fb44a4 chromedriver + 4326564
1   chromedriver                        0x0000000102fac96c chromedriver + 4295020
2   chromedriver                        0x0000000102bd8088 chromedriver + 278664
3   chromedriver                        0x0000000102bdcabc chromedriver + 297660
4   chromedriver                        0x0000000102bde428 chromedriver + 304168
5   chromedriver                        0x0000000102bde4a0 chromedriver + 304288
6   chromedriver                        0x0000000102c15c74 chromedriver + 531572
7   chromedriver                        0x0000000102c10dd0 chromedriver + 511440
8   chromedriver                        0x0000000102c534f8 chromedriver + 783608
9   chromedriver                        0x0000000102c0f4e4 chromedriver + 505060
10  chromedriver                        0x0000000102c0ff5c chromedriver + 507740
11  chromedriver                        0x0000000102f77a40 chromedriver + 4078144
12  chromedriver                        0x0000000102f7c7f8 chromedriver + 4098040
13  chromedriver                        0x0000000102f5e5e4 chromedriver + 3974628
14  chromedriver                        0x0000000102f7d110 chromedriver + 4100368
15  chromedriver                        0x0000000102f4fbd4 chromedriver + 3914708
16  chromedriver                        0x0000000102f9d718 chromedriver + 4232984
17  chromedriver                        0x0000000102f9d894 chromedriver + 4233364
18  chromedriver                        0x0000000102fac5e0 chromedriver + 4294112
19  libsystem_pthread.dylib             0x0000000198b42f94 _pthread_start + 136
20  libsystem_pthread.dylib             0x0000000198b3dd34 thread_start + 8

2024-04-19 01:15:03,202 - WARNING - Element not interactable. Retrying...
2024-04-19 01:15:03,366 - INFO - Search phrase 'surf' entered successfully.
2024-04-19 01:15:03,407 - INFO - Topic checkbox 'Sports' selected.
2024-04-19 01:15:03,407 - ERROR - Error in select_topic_type: 'tuple' object has no attribute 'is_displayed'
2024-04-19 01:15:03,440 - INFO - Option 'Newest' selected in the sort by dropdown.
2024-04-19 01:15:03,440 - INFO - Search setup completed successfully.
2024-04-19 01:15:03,440 - ERROR - Error in setup_search after retrying: Message: stale element reference: stale element not found in the current frame
  (Session info: chrome=124.0.6367.62); For documentation on this error, please visit: https://www.selenium.dev/documentation/webdriver/troubleshooting/errors#stale-element-reference-exception
Stacktrace:
0   chromedriver                        0x0000000102fb44a4 chromedriver + 4326564
1   chromedriver                        0x0000000102fac96c chromedriver + 4295020
2   chromedriver                        0x0000000102bd8088 chromedriver + 278664
3   chromedriver                        0x0000000102bdcabc chromedriver + 297660
4   chromedriver                        0x0000000102bde428 chromedriver + 304168
5   chromedriver                        0x0000000102bde4a0 chromedriver + 304288
6   chromedriver                        0x0000000102c15c74 chromedriver + 531572
7   chromedriver                        0x0000000102c10dd0 chromedriver + 511440
8   chromedriver                        0x0000000102c534f8 chromedriver + 783608
9   chromedriver                        0x0000000102c0f4e4 chromedriver + 505060
10  chromedriver                        0x0000000102c0ff5c chromedriver + 507740
11  chromedriver                        0x0000000102f77a40 chromedriver + 4078144
12  chromedriver                        0x0000000102f7c7f8 chromedriver + 4098040
13  chromedriver                        0x0000000102f5e5e4 chromedriver + 3974628
14  chromedriver                        0x0000000102f7d110 chromedriver + 4100368
15  chromedriver                        0x0000000102f4fbd4 chromedriver + 3914708
16  chromedriver                        0x0000000102f9d718 chromedriver + 4232984
17  chromedriver                        0x0000000102f9d894 chromedriver + 4233364
18  chromedriver                        0x0000000102fac5e0 chromedriver + 4294112
19  libsystem_pthread.dylib             0x0000000198b42f94 _pthread_start + 136
20  libsystem_pthread.dylib             0x0000000198b3dd34 thread_start + 8

2024-04-19 01:15:03,510 - ERROR - Error in main: 'StaleElementReferenceException' object is not callable
2024-04-19 01:15:19,218 - WARNING - The chromedriver version (123.0.6312.122) detected in PATH at /usr/local/bin/chromedriver might not be compatible with the detected chrome version (124.0.6367.62); currently, chromedriver 124.0.6367.60 is recommended for chrome 124.*, so it is advised to delete the driver in PATH and retry
2024-04-19 01:15:19,693 - INFO - Initialization completed successfully.
2024-04-19 01:15:20,702 - INFO - Search phrase 'surf' entered successfully.
2024-04-19 01:15:20,762 - INFO - Topic checkbox 'Sports' selected.
2024-04-19 01:15:20,762 - ERROR - Error in select_topic_type: 'tuple' object has no attribute 'is_displayed'
2024-04-19 01:15:20,802 - INFO - Option 'Newest' selected in the sort by dropdown.
2024-04-19 01:15:20,802 - INFO - Search setup completed successfully.
2024-04-19 01:15:45,709 - ERROR - Error in extract_news_data: Message: no such element: Unable to locate element: {"method":"css selector","selector":".promo-title"}
  (Session info: chrome=124.0.6367.62); For documentation on this error, please visit: https://www.selenium.dev/documentation/webdriver/troubleshooting/errors#no-such-element-exception
Stacktrace:
0   chromedriver                        0x0000000102d384a4 chromedriver + 4326564
1   chromedriver                        0x0000000102d3096c chromedriver + 4295020
2   chromedriver                        0x000000010295c088 chromedriver + 278664
3   chromedriver                        0x000000010299ea80 chromedriver + 551552
4   chromedriver                        0x0000000102994dd0 chromedriver + 511440
5   chromedriver                        0x00000001029d74f8 chromedriver + 783608
6   chromedriver                        0x00000001029934e4 chromedriver + 505060
7   chromedriver                        0x0000000102993f5c chromedriver + 507740
8   chromedriver                        0x0000000102cfba40 chromedriver + 4078144
9   chromedriver                        0x0000000102d007f8 chromedriver + 4098040
10  chromedriver                        0x0000000102ce25e4 chromedriver + 3974628
11  chromedriver                        0x0000000102d01110 chromedriver + 4100368
12  chromedriver                        0x0000000102cd3bd4 chromedriver + 3914708
13  chromedriver                        0x0000000102d21718 chromedriver + 4232984
14  chromedriver                        0x0000000102d21894 chromedriver + 4233364
15  chromedriver                        0x0000000102d305e0 chromedriver + 4294112
16  libsystem_pthread.dylib             0x0000000198b42f94 _pthread_start + 136
17  libsystem_pthread.dylib             0x0000000198b3dd34 thread_start + 8

2024-04-19 01:15:56,905 - WARNING - The chromedriver version (123.0.6312.122) detected in PATH at /usr/local/bin/chromedriver might not be compatible with the detected chrome version (124.0.6367.62); currently, chromedriver 124.0.6367.60 is recommended for chrome 124.*, so it is advised to delete the driver in PATH and retry
2024-04-19 01:15:57,410 - INFO - Initialization completed successfully.
2024-04-19 01:15:58,496 - INFO - Search phrase 'surf' entered successfully.
2024-04-19 01:15:58,554 - INFO - Topic checkbox 'Sports' selected.
2024-04-19 01:15:58,554 - ERROR - Error in select_topic_type: 'tuple' object has no attribute 'is_displayed'
2024-04-19 01:15:58,588 - ERROR - Error in sort_by: Message: stale element reference: stale element not found in the current frame
  (Session info: chrome=124.0.6367.62); For documentation on this error, please visit: https://www.selenium.dev/documentation/webdriver/troubleshooting/errors#stale-element-reference-exception
Stacktrace:
0   chromedriver                        0x0000000104d844a4 chromedriver + 4326564
1   chromedriver                        0x0000000104d7c96c chromedriver + 4295020
2   chromedriver                        0x00000001049a8088 chromedriver + 278664
3   chromedriver                        0x00000001049acabc chromedriver + 297660
4   chromedriver                        0x00000001049ae428 chromedriver + 304168
5   chromedriver                        0x00000001049ae4a0 chromedriver + 304288
6   chromedriver                        0x00000001049ec450 chromedriver + 558160
7   chromedriver                        0x00000001049e1264 chromedriver + 512612
8   chromedriver                        0x00000001049e0dd0 chromedriver + 511440
9   chromedriver                        0x0000000104a234f8 chromedriver + 783608
10  chromedriver                        0x00000001049df4e4 chromedriver + 505060
11  chromedriver                        0x00000001049dff5c chromedriver + 507740
12  chromedriver                        0x0000000104d47a40 chromedriver + 4078144
13  chromedriver                        0x0000000104d4c7f8 chromedriver + 4098040
14  chromedriver                        0x0000000104d2e5e4 chromedriver + 3974628
15  chromedriver                        0x0000000104d4d110 chromedriver + 4100368
16  chromedriver                        0x0000000104d1fbd4 chromedriver + 3914708
17  chromedriver                        0x0000000104d6d718 chromedriver + 4232984
18  chromedriver                        0x0000000104d6d894 chromedriver + 4233364
19  chromedriver                        0x0000000104d7c5e0 chromedriver + 4294112
20  libsystem_pthread.dylib             0x0000000198b42f94 _pthread_start + 136
21  libsystem_pthread.dylib             0x0000000198b3dd34 thread_start + 8

2024-04-19 01:15:58,588 - WARNING - Element not interactable. Retrying...
2024-04-19 01:15:58,756 - INFO - Search phrase 'surf' entered successfully.
2024-04-19 01:15:58,798 - INFO - Topic checkbox 'Sports' selected.
2024-04-19 01:15:58,798 - ERROR - Error in select_topic_type: 'tuple' object has no attribute 'is_displayed'
2024-04-19 01:15:58,821 - ERROR - Error in sort_by: Message: stale element reference: stale element not found in the current frame
  (Session info: chrome=124.0.6367.62); For documentation on this error, please visit: https://www.selenium.dev/documentation/webdriver/troubleshooting/errors#stale-element-reference-exception
Stacktrace:
0   chromedriver                        0x0000000104d844a4 chromedriver + 4326564
1   chromedriver                        0x0000000104d7c96c chromedriver + 4295020
2   chromedriver                        0x00000001049a8088 chromedriver + 278664
3   chromedriver                        0x00000001049acabc chromedriver + 297660
4   chromedriver                        0x00000001049ae428 chromedriver + 304168
5   chromedriver                        0x00000001049ae4a0 chromedriver + 304288
6   chromedriver                        0x00000001049e5d94 chromedriver + 531860
7   chromedriver                        0x00000001049e0dd0 chromedriver + 511440
8   chromedriver                        0x0000000104a234f8 chromedriver + 783608
9   chromedriver                        0x00000001049df4e4 chromedriver + 505060
10  chromedriver                        0x00000001049dff5c chromedriver + 507740
11  chromedriver                        0x0000000104d47a40 chromedriver + 4078144
12  chromedriver                        0x0000000104d4c7f8 chromedriver + 4098040
13  chromedriver                        0x0000000104d2e5e4 chromedriver + 3974628
14  chromedriver                        0x0000000104d4d110 chromedriver + 4100368
15  chromedriver                        0x0000000104d1fbd4 chromedriver + 3914708
16  chromedriver                        0x0000000104d6d718 chromedriver + 4232984
17  chromedriver                        0x0000000104d6d894 chromedriver + 4233364
18  chromedriver                        0x0000000104d7c5e0 chromedriver + 4294112
19  libsystem_pthread.dylib             0x0000000198b42f94 _pthread_start + 136
20  libsystem_pthread.dylib             0x0000000198b3dd34 thread_start + 8

2024-04-19 01:15:58,821 - WARNING - Element not interactable. Retrying...
2024-04-19 01:15:58,981 - INFO - Search phrase 'surf' entered successfully.
2024-04-19 01:15:59,025 - INFO - Topic checkbox 'Sports' selected.
2024-04-19 01:15:59,025 - ERROR - Error in select_topic_type: 'tuple' object has no attribute 'is_displayed'
2024-04-19 01:15:59,059 - INFO - Option 'Newest' selected in the sort by dropdown.
2024-04-19 01:15:59,059 - INFO - Search setup completed successfully.
2024-04-19 01:15:59,059 - ERROR - Error in setup_search after retrying: Message: stale element reference: stale element not found in the current frame
  (Session info: chrome=124.0.6367.62); For documentation on this error, please visit: https://www.selenium.dev/documentation/webdriver/troubleshooting/errors#stale-element-reference-exception
Stacktrace:
0   chromedriver                        0x0000000104d844a4 chromedriver + 4326564
1   chromedriver                        0x0000000104d7c96c chromedriver + 4295020
2   chromedriver                        0x00000001049a8088 chromedriver + 278664
3   chromedriver                        0x00000001049acabc chromedriver + 297660
4   chromedriver                        0x00000001049ae428 chromedriver + 304168
5   chromedriver                        0x00000001049ae4a0 chromedriver + 304288
6   chromedriver                        0x00000001049e5d94 chromedriver + 531860
7   chromedriver                        0x00000001049e0dd0 chromedriver + 511440
8   chromedriver                        0x0000000104a234f8 chromedriver + 783608
9   chromedriver                        0x00000001049df4e4 chromedriver + 505060
10  chromedriver                        0x00000001049dff5c chromedriver + 507740
11  chromedriver                        0x0000000104d47a40 chromedriver + 4078144
12  chromedriver                        0x0000000104d4c7f8 chromedriver + 4098040
13  chromedriver                        0x0000000104d2e5e4 chromedriver + 3974628
14  chromedriver                        0x0000000104d4d110 chromedriver + 4100368
15  chromedriver                        0x0000000104d1fbd4 chromedriver + 3914708
16  chromedriver                        0x0000000104d6d718 chromedriver + 4232984
17  chromedriver                        0x0000000104d6d894 chromedriver + 4233364
18  chromedriver                        0x0000000104d7c5e0 chromedriver + 4294112
19  libsystem_pthread.dylib             0x0000000198b42f94 _pthread_start + 136
20  libsystem_pthread.dylib             0x0000000198b3dd34 thread_start + 8

2024-04-19 01:15:59,130 - ERROR - Error in main: 'StaleElementReferenceException' object is not callable
